<?xml version="1.0" encoding="UTF-8"?>
<!-- Generated by org.testng.reporters.JUnitReportReporter -->
<testsuite hostname="ATMECSINLT-008" name="com.ep.mmbr.api.testscripts.Budget.TestGetAllBudgets" tests="1" failures="0" timestamp="13 Nov 2014 02:56:48 GMT" time="5.774" errors="0">
  <testcase name="testGetAllBudgets" time="5.774" classname="com.ep.mmbr.api.testscripts.Budget.TestGetAllBudgets"/>
</testsuite> <!-- com.ep.mmbr.api.testscripts.Budget.TestGetAllBudgets -->
