<?xml version="1.0" encoding="UTF-8"?>
<!-- Generated by org.testng.reporters.JUnitReportReporter -->
<testsuite hostname="ATMECSINLT-008" name="com.ep.mmbr.api.testscripts.User.TestUserInfoWithInvalidToken" tests="1" failures="0" timestamp="12 Nov 2014 13:23:24 GMT" time="8.343" errors="0">
  <testcase name="testUserInfoWithInvalidToken" time="8.343" classname="com.ep.mmbr.api.testscripts.User.TestUserInfoWithInvalidToken"/>
</testsuite> <!-- com.ep.mmbr.api.testscripts.User.TestUserInfoWithInvalidToken -->
