<?xml version="1.0" encoding="UTF-8"?>
<!-- Generated by org.testng.reporters.JUnitReportReporter -->
<testsuite hostname="cwvsft25" name="com.ep.mmbr.api.testscripts.TestRunner" tests="1" failures="0" timestamp="6 Nov 2014 12:37:55 GMT" time="1.747" errors="0">
  <testcase name="test" time="1.747" classname="com.ep.mmbr.api.testscripts.TestRunner"/>
</testsuite> <!-- com.ep.mmbr.api.testscripts.TestRunner -->
