<?xml version="1.0" encoding="UTF-8"?>
<!-- Generated by org.testng.reporters.JUnitReportReporter -->
<testsuite hostname="cwvsft25" name="com.ep.mmbr.api.testscripts.TestGetUser" tests="1" failures="0" timestamp="6 Nov 2014 12:51:03 GMT" time="1.864" errors="0">
  <testcase name="test" time="1.864" classname="com.ep.mmbr.api.testscripts.TestGetUser"/>
</testsuite> <!-- com.ep.mmbr.api.testscripts.TestGetUser -->
