<?xml version="1.0" encoding="UTF-8"?>
<!-- Generated by org.testng.reporters.JUnitReportReporter -->
<testsuite hostname="ATMECSINLT-008" name="com.ep.mmbr.api.testscripts.User.TestGetUserInformationFromToken" tests="1" failures="0" timestamp="12 Nov 2014 13:23:24 GMT" time="2.436" errors="0">
  <testcase name="testUserInformationFromToken" time="2.436" classname="com.ep.mmbr.api.testscripts.User.TestGetUserInformationFromToken"/>
</testsuite> <!-- com.ep.mmbr.api.testscripts.User.TestGetUserInformationFromToken -->
