<?xml version="1.0" encoding="UTF-8"?>
<!-- Generated by org.testng.reporters.JUnitReportReporter -->
<testsuite hostname="ATMECSINLT-008" name="com.ep.mmbr.api.testscripts.TestUserInfoWithInvalidToken" tests="1" failures="0" timestamp="12 Nov 2014 10:56:33 GMT" time="3.729" errors="0">
  <testcase name="testUserInfoWithInvalidToken" time="3.729" classname="com.ep.mmbr.api.testscripts.TestUserInfoWithInvalidToken"/>
</testsuite> <!-- com.ep.mmbr.api.testscripts.TestUserInfoWithInvalidToken -->
