<?xml version="1.0" encoding="UTF-8"?>
<!-- Generated by org.testng.reporters.JUnitReportReporter -->
<testsuite hostname="ATMECSINLT-008" name="com.ep.mmbr.api.testscripts.Budget.TestGetBudgetByID" tests="1" failures="0" timestamp="13 Nov 2014 03:57:54 GMT" time="7.211" errors="0">
  <testcase name="testGetBudgetByID" time="7.211" classname="com.ep.mmbr.api.testscripts.Budget.TestGetBudgetByID"/>
</testsuite> <!-- com.ep.mmbr.api.testscripts.Budget.TestGetBudgetByID -->
