<?xml version="1.0" encoding="UTF-8"?>
<!-- Generated by org.testng.reporters.JUnitReportReporter -->
<testsuite hostname="ATMECSINLT-008" name="com.ep.mmbr.api.testscripts.Budget.TestGetBudgetByInvalidID" tests="1" failures="0" timestamp="12 Nov 2014 15:01:42 GMT" time="4.851" errors="0">
  <testcase name="testGetBudgetByInvalidID" time="4.851" classname="com.ep.mmbr.api.testscripts.Budget.TestGetBudgetByInvalidID"/>
</testsuite> <!-- com.ep.mmbr.api.testscripts.Budget.TestGetBudgetByInvalidID -->
