<?xml version="1.0" encoding="UTF-8"?>
<!-- Generated by org.testng.reporters.JUnitReportReporter -->
<testsuite hostname="ATMECSINLT-008" name="com.ep.mmbr.api.testscripts.TestGetUserInformationFromToken" tests="1" failures="0" timestamp="10 Nov 2014 02:27:07 GMT" time="3.283" errors="0">
  <testcase name="test" time="3.283" classname="com.ep.mmbr.api.testscripts.TestGetUserInformationFromToken"/>
</testsuite> <!-- com.ep.mmbr.api.testscripts.TestGetUserInformationFromToken -->
