<?xml version="1.0" encoding="UTF-8"?>
<!-- Generated by org.testng.reporters.JUnitReportReporter -->
<testsuite hostname="ATMECSINLT-008" name="com.ep.mmbr.api.testscripts.Budget.TestGetBudgetByID" tests="1" failures="0" timestamp="13 Nov 2014 07:44:01 GMT" time="5.708" errors="0">
  <testcase name="testGetBudgetByID" time="5.708" classname="com.ep.mmbr.api.testscripts.Budget.TestGetBudgetByID"/>
</testsuite> <!-- com.ep.mmbr.api.testscripts.Budget.TestGetBudgetByID -->
