<?xml version="1.0" encoding="UTF-8"?>
<!-- Generated by org.testng.reporters.JUnitReportReporter -->
<testsuite hostname="ATMECSINLT-008" name="com.ep.mmbr.api.testscripts.TestPostBudgetWithExistingFile" tests="1" failures="0" timestamp="10 Nov 2014 03:49:58 GMT" time="6.866" errors="0">
  <testcase name="testPostBudgetWithExistingFile" time="6.866" classname="com.ep.mmbr.api.testscripts.TestPostBudgetWithExistingFile"/>
</testsuite> <!-- com.ep.mmbr.api.testscripts.TestPostBudgetWithExistingFile -->
