<?xml version="1.0" encoding="UTF-8"?>
<!-- Generated by org.testng.reporters.JUnitReportReporter -->
<testsuite hostname="ATMECSINLT-008" name="com.ep.mmbr.api.testscripts.Contracts.TestGetAContractRateByContractID" tests="1" failures="0" timestamp="13 Nov 2014 03:06:43 GMT" time="1.845" errors="0">
  <testcase name="testGetGetAContractRateByID" time="1.845" classname="com.ep.mmbr.api.testscripts.Contracts.TestGetAContractRateByContractID"/>
</testsuite> <!-- com.ep.mmbr.api.testscripts.Contracts.TestGetAContractRateByContractID -->
