<?xml version="1.0" encoding="UTF-8"?>
<!-- Generated by org.testng.reporters.JUnitReportReporter -->
<testsuite hostname="ATMECSINLT-008" name="com.ep.mmbr.api.testscripts.Contracts.TestGetAContractByInvalidContractID" tests="1" failures="0" timestamp="13 Nov 2014 03:06:43 GMT" time="1.561" errors="0">
  <testcase name="testGetAContractByInvalidContractID" time="1.561" classname="com.ep.mmbr.api.testscripts.Contracts.TestGetAContractByInvalidContractID"/>
</testsuite> <!-- com.ep.mmbr.api.testscripts.Contracts.TestGetAContractByInvalidContractID -->
