<?xml version="1.0" encoding="UTF-8"?>
<!-- Generated by org.testng.reporters.JUnitReportReporter -->
<testsuite hostname="ATMECSINLT-008" name="com.ep.mmbr.api.testscripts.Budget.TestPostBudgetWithExistingFile" tests="1" failures="0" timestamp="13 Nov 2014 07:44:01 GMT" time="3.249" errors="0">
  <testcase name="testPostBudgetWithExistingFile" time="3.249" classname="com.ep.mmbr.api.testscripts.Budget.TestPostBudgetWithExistingFile"/>
</testsuite> <!-- com.ep.mmbr.api.testscripts.Budget.TestPostBudgetWithExistingFile -->
