<?xml version="1.0" encoding="UTF-8"?>
<!-- Generated by org.testng.reporters.JUnitReportReporter -->
<testsuite hostname="ATMECSINLT-008" name="com.ep.mmbr.api.testscripts.User.TestUserInfoWithInvalidToken" tests="1" failures="0" timestamp="13 Nov 2014 07:44:01 GMT" time="2.011" errors="0">
  <testcase name="testUserInfoWithInvalidToken" time="2.011" classname="com.ep.mmbr.api.testscripts.User.TestUserInfoWithInvalidToken"/>
</testsuite> <!-- com.ep.mmbr.api.testscripts.User.TestUserInfoWithInvalidToken -->
