<?xml version="1.0" encoding="UTF-8"?>
<!-- Generated by org.testng.reporters.JUnitReportReporter -->
<testsuite hostname="ATMECSINLT-008" name="com.ep.mmbr.api.testscripts.TestGetUserInformationFromToken" tests="2" failures="0" timestamp="10 Nov 2014 03:49:58 GMT" time="6.814" errors="0">
  <testcase name="testUserInformationFromToken" time="1.163" classname="com.ep.mmbr.api.testscripts.TestGetUserInformationFromToken"/>
  <testcase name="testUserInformationFromToken" time="5.651" classname="com.ep.mmbr.api.testscripts.TestGetUserInformationFromToken"/>
</testsuite> <!-- com.ep.mmbr.api.testscripts.TestGetUserInformationFromToken -->
