<?xml version="1.0" encoding="UTF-8"?>
<!-- Generated by org.testng.reporters.JUnitReportReporter -->
<testsuite hostname="ATMECSINLT-008" name="com.ep.mmbr.api.testscripts.TestGetBudgetByID" tests="1" failures="0" timestamp="10 Nov 2014 03:49:58 GMT" time="4.699" errors="0">
  <testcase name="testGetBudgetByID" time="4.699" classname="com.ep.mmbr.api.testscripts.TestGetBudgetByID"/>
</testsuite> <!-- com.ep.mmbr.api.testscripts.TestGetBudgetByID -->
